2020-05-17 00:20:09.031  INFO 12548 --- [restartedMain] l.m.community.CommunityApplication       : Starting CommunityApplication on LAPTOP-1J0KAN27 with PID 12548 (started by Lenovo in C:\Users\Lenovo\Desktop\编程数据库\Java Web从入门到精通光盘\TM（视频讲解及实例源程序）\sl（实例源程序）\8\community)
2020-05-17 00:20:09.032  INFO 12548 --- [restartedMain] l.m.community.CommunityApplication       : No active profile set, falling back to default profiles: default
2020-05-17 00:20:09.801  INFO 12548 --- [restartedMain] .s.d.r.c.RepositoryConfigurationDelegate : Bootstrapping Spring Data JPA repositories in DEFAULT mode.
2020-05-17 00:20:09.857  INFO 12548 --- [restartedMain] .s.d.r.c.RepositoryConfigurationDelegate : Finished Spring Data repository scanning in 56ms. Found 0 JPA repository interfaces.
2020-05-17 00:20:10.380  INFO 12548 --- [restartedMain] o.s.b.w.embedded.tomcat.TomcatWebServer  : Tomcat initialized with port(s): 8887 (http)
2020-05-17 00:20:10.382  INFO 12548 --- [restartedMain] o.apache.catalina.core.StandardService   : Starting service [Tomcat]
2020-05-17 00:20:10.382  INFO 12548 --- [restartedMain] org.apache.catalina.core.StandardEngine  : Starting Servlet engine: [Apache Tomcat/9.0.31]
2020-05-17 00:20:10.448  INFO 12548 --- [restartedMain] o.a.c.c.C.[Tomcat].[localhost].[/]       : Initializing Spring embedded WebApplicationContext
2020-05-17 00:20:10.449  INFO 12548 --- [restartedMain] o.s.web.context.ContextLoader            : Root WebApplicationContext: initialization completed in 1410 ms
2020-05-17 00:20:10.555  INFO 12548 --- [restartedMain] com.zaxxer.hikari.HikariDataSource       : HikariPool-2 - Starting...
2020-05-17 00:20:10.569  INFO 12548 --- [restartedMain] com.zaxxer.hikari.HikariDataSource       : HikariPool-2 - Start completed.
2020-05-17 00:20:10.650  INFO 12548 --- [restartedMain] o.hibernate.jpa.internal.util.LogHelper  : HHH000204: Processing PersistenceUnitInfo [name: default]
2020-05-17 00:20:10.670  INFO 12548 --- [restartedMain] org.hibernate.dialect.Dialect            : HHH000400: Using dialect: org.hibernate.dialect.MySQL55Dialect
2020-05-17 00:20:10.730  INFO 12548 --- [restartedMain] o.h.e.t.j.p.i.JtaPlatformInitiator       : HHH000490: Using JtaPlatform implementation: [org.hibernate.engine.transaction.jta.platform.internal.NoJtaPlatform]
2020-05-17 00:20:10.730  INFO 12548 --- [restartedMain] j.LocalContainerEntityManagerFactoryBean : Initialized JPA EntityManagerFactory for persistence unit 'default'
2020-05-17 00:20:11.117  WARN 12548 --- [restartedMain] JpaBaseConfiguration$JpaWebConfiguration : spring.jpa.open-in-view is enabled by default. Therefore, database queries may be performed during view rendering. Explicitly configure spring.jpa.open-in-view to disable this warning
2020-05-17 00:20:11.219  INFO 12548 --- [restartedMain] o.s.s.concurrent.ThreadPoolTaskExecutor  : Initializing ExecutorService 'applicationTaskExecutor'
2020-05-17 00:20:11.247  INFO 12548 --- [restartedMain] o.s.b.a.w.s.WelcomePageHandlerMapping    : Adding welcome page template: index
2020-05-17 00:20:11.846  INFO 12548 --- [restartedMain] o.s.b.d.a.OptionalLiveReloadServer       : LiveReload server is running on port 35729
2020-05-17 00:20:11.872  INFO 12548 --- [restartedMain] o.s.b.w.embedded.tomcat.TomcatWebServer  : Tomcat started on port(s): 8887 (http) with context path ''
2020-05-17 00:20:11.877  INFO 12548 --- [restartedMain] l.m.community.CommunityApplication       : Started CommunityApplication in 2.925 seconds (JVM running for 125.194)
2020-05-17 00:20:11.881  INFO 12548 --- [restartedMain] .ConditionEvaluationDeltaLoggingListener : Condition evaluation unchanged
